c:\users\804703\documents\visual studio 2012\projects\shopping the game\shopping the game\debug\main.obj
c:\users\804703\documents\visual studio 2012\projects\shopping the game\shopping the game\debug\shop.obj
c:\users\804703\documents\visual studio 2012\projects\shopping the game\shopping the game\debug\vc110.pdb
c:\users\804703\documents\visual studio 2012\projects\shopping the game\debug\shopping the game.ilk
c:\users\804703\documents\visual studio 2012\projects\shopping the game\debug\shopping the game.exe
c:\users\804703\documents\visual studio 2012\projects\shopping the game\debug\shopping the game.pdb
c:\users\анатолийiвеликий\documents\visual studio 2013\projects\shopping the game\shopping the game\debug\vc120.pdb
c:\users\анатолийiвеликий\documents\visual studio 2013\projects\shopping the game\shopping the game\debug\vc120.idb
c:\users\анатолийiвеликий\documents\visual studio 2013\projects\shopping the game\shopping the game\debug\main.obj
c:\users\анатолийiвеликий\documents\visual studio 2013\projects\shopping the game\shopping the game\debug\shop.obj
c:\users\анатолийiвеликий\documents\visual studio 2013\projects\shopping the game\debug\shopping the game.ilk
c:\users\анатолийiвеликий\documents\visual studio 2013\projects\shopping the game\debug\shopping the game.exe
c:\users\анатолийiвеликий\documents\visual studio 2013\projects\shopping the game\debug\shopping the game.pdb
c:\users\анатолийiвеликий\documents\visual studio 2013\projects\shopping the game\shopping the game\debug\cl.command.1.tlog
c:\users\анатолийiвеликий\documents\visual studio 2013\projects\shopping the game\shopping the game\debug\cl.read.1.tlog
c:\users\анатолийiвеликий\documents\visual studio 2013\projects\shopping the game\shopping the game\debug\cl.write.1.tlog
c:\users\анатолийiвеликий\documents\visual studio 2013\projects\shopping the game\shopping the game\debug\link-cvtres.read.1.tlog
c:\users\анатолийiвеликий\documents\visual studio 2013\projects\shopping the game\shopping the game\debug\link-cvtres.write.1.tlog
c:\users\анатолийiвеликий\documents\visual studio 2013\projects\shopping the game\shopping the game\debug\link-rc.read.1.tlog
c:\users\анатолийiвеликий\documents\visual studio 2013\projects\shopping the game\shopping the game\debug\link-rc.write.1.tlog
c:\users\анатолийiвеликий\documents\visual studio 2013\projects\shopping the game\shopping the game\debug\link.13568-cvtres.read.1.tlog
c:\users\анатолийiвеликий\documents\visual studio 2013\projects\shopping the game\shopping the game\debug\link.13568-cvtres.write.1.tlog
c:\users\анатолийiвеликий\documents\visual studio 2013\projects\shopping the game\shopping the game\debug\link.13568-rc.read.1.tlog
c:\users\анатолийiвеликий\documents\visual studio 2013\projects\shopping the game\shopping the game\debug\link.13568-rc.write.1.tlog
c:\users\анатолийiвеликий\documents\visual studio 2013\projects\shopping the game\shopping the game\debug\link.13568.read.1.tlog
c:\users\анатолийiвеликий\documents\visual studio 2013\projects\shopping the game\shopping the game\debug\link.13568.write.1.tlog
c:\users\анатолийiвеликий\documents\visual studio 2013\projects\shopping the game\shopping the game\debug\link.13664-cvtres.read.1.tlog
c:\users\анатолийiвеликий\documents\visual studio 2013\projects\shopping the game\shopping the game\debug\link.13664-cvtres.write.1.tlog
c:\users\анатолийiвеликий\documents\visual studio 2013\projects\shopping the game\shopping the game\debug\link.13664-rc.read.1.tlog
c:\users\анатолийiвеликий\documents\visual studio 2013\projects\shopping the game\shopping the game\debug\link.13664-rc.write.1.tlog
c:\users\анатолийiвеликий\documents\visual studio 2013\projects\shopping the game\shopping the game\debug\link.13664.read.1.tlog
c:\users\анатолийiвеликий\documents\visual studio 2013\projects\shopping the game\shopping the game\debug\link.13664.write.1.tlog
c:\users\анатолийiвеликий\documents\visual studio 2013\projects\shopping the game\shopping the game\debug\link.14676-cvtres.read.1.tlog
c:\users\анатолийiвеликий\documents\visual studio 2013\projects\shopping the game\shopping the game\debug\link.14676-cvtres.write.1.tlog
c:\users\анатолийiвеликий\documents\visual studio 2013\projects\shopping the game\shopping the game\debug\link.14676-rc.read.1.tlog
c:\users\анатолийiвеликий\documents\visual studio 2013\projects\shopping the game\shopping the game\debug\link.14676-rc.write.1.tlog
c:\users\анатолийiвеликий\documents\visual studio 2013\projects\shopping the game\shopping the game\debug\link.14676.read.1.tlog
c:\users\анатолийiвеликий\documents\visual studio 2013\projects\shopping the game\shopping the game\debug\link.14676.write.1.tlog
c:\users\анатолийiвеликий\documents\visual studio 2013\projects\shopping the game\shopping the game\debug\link.15000-cvtres.read.1.tlog
c:\users\анатолийiвеликий\documents\visual studio 2013\projects\shopping the game\shopping the game\debug\link.15000-cvtres.write.1.tlog
c:\users\анатолийiвеликий\documents\visual studio 2013\projects\shopping the game\shopping the game\debug\link.15000-rc.read.1.tlog
c:\users\анатолийiвеликий\documents\visual studio 2013\projects\shopping the game\shopping the game\debug\link.15000-rc.write.1.tlog
c:\users\анатолийiвеликий\documents\visual studio 2013\projects\shopping the game\shopping the game\debug\link.15000.read.1.tlog
c:\users\анатолийiвеликий\documents\visual studio 2013\projects\shopping the game\shopping the game\debug\link.15000.write.1.tlog
c:\users\анатолийiвеликий\documents\visual studio 2013\projects\shopping the game\shopping the game\debug\link.2464-cvtres.read.1.tlog
c:\users\анатолийiвеликий\documents\visual studio 2013\projects\shopping the game\shopping the game\debug\link.2464-cvtres.write.1.tlog
c:\users\анатолийiвеликий\documents\visual studio 2013\projects\shopping the game\shopping the game\debug\link.2464-rc.read.1.tlog
c:\users\анатолийiвеликий\documents\visual studio 2013\projects\shopping the game\shopping the game\debug\link.2464-rc.write.1.tlog
c:\users\анатолийiвеликий\documents\visual studio 2013\projects\shopping the game\shopping the game\debug\link.2464.read.1.tlog
c:\users\анатолийiвеликий\documents\visual studio 2013\projects\shopping the game\shopping the game\debug\link.2464.write.1.tlog
c:\users\анатолийiвеликий\documents\visual studio 2013\projects\shopping the game\shopping the game\debug\link.29888-cvtres.read.1.tlog
c:\users\анатолийiвеликий\documents\visual studio 2013\projects\shopping the game\shopping the game\debug\link.29888-cvtres.write.1.tlog
c:\users\анатолийiвеликий\documents\visual studio 2013\projects\shopping the game\shopping the game\debug\link.29888-rc.read.1.tlog
c:\users\анатолийiвеликий\documents\visual studio 2013\projects\shopping the game\shopping the game\debug\link.29888-rc.write.1.tlog
c:\users\анатолийiвеликий\documents\visual studio 2013\projects\shopping the game\shopping the game\debug\link.29888.read.1.tlog
c:\users\анатолийiвеликий\documents\visual studio 2013\projects\shopping the game\shopping the game\debug\link.29888.write.1.tlog
c:\users\анатолийiвеликий\documents\visual studio 2013\projects\shopping the game\shopping the game\debug\link.3300-cvtres.read.1.tlog
c:\users\анатолийiвеликий\documents\visual studio 2013\projects\shopping the game\shopping the game\debug\link.3300-cvtres.write.1.tlog
c:\users\анатолийiвеликий\documents\visual studio 2013\projects\shopping the game\shopping the game\debug\link.3300-rc.read.1.tlog
c:\users\анатолийiвеликий\documents\visual studio 2013\projects\shopping the game\shopping the game\debug\link.3300-rc.write.1.tlog
c:\users\анатолийiвеликий\documents\visual studio 2013\projects\shopping the game\shopping the game\debug\link.3300.read.1.tlog
c:\users\анатолийiвеликий\documents\visual studio 2013\projects\shopping the game\shopping the game\debug\link.3300.write.1.tlog
c:\users\анатолийiвеликий\documents\visual studio 2013\projects\shopping the game\shopping the game\debug\link.38012-cvtres.read.1.tlog
c:\users\анатолийiвеликий\documents\visual studio 2013\projects\shopping the game\shopping the game\debug\link.38012-cvtres.write.1.tlog
c:\users\анатолийiвеликий\documents\visual studio 2013\projects\shopping the game\shopping the game\debug\link.38012-rc.read.1.tlog
c:\users\анатолийiвеликий\documents\visual studio 2013\projects\shopping the game\shopping the game\debug\link.38012-rc.write.1.tlog
c:\users\анатолийiвеликий\documents\visual studio 2013\projects\shopping the game\shopping the game\debug\link.38012.read.1.tlog
c:\users\анатолийiвеликий\documents\visual studio 2013\projects\shopping the game\shopping the game\debug\link.38012.write.1.tlog
c:\users\анатолийiвеликий\documents\visual studio 2013\projects\shopping the game\shopping the game\debug\link.6596-cvtres.read.1.tlog
c:\users\анатолийiвеликий\documents\visual studio 2013\projects\shopping the game\shopping the game\debug\link.6596-cvtres.write.1.tlog
c:\users\анатолийiвеликий\documents\visual studio 2013\projects\shopping the game\shopping the game\debug\link.6596-rc.read.1.tlog
c:\users\анатолийiвеликий\documents\visual studio 2013\projects\shopping the game\shopping the game\debug\link.6596-rc.write.1.tlog
c:\users\анатолийiвеликий\documents\visual studio 2013\projects\shopping the game\shopping the game\debug\link.6596.read.1.tlog
c:\users\анатолийiвеликий\documents\visual studio 2013\projects\shopping the game\shopping the game\debug\link.6596.write.1.tlog
c:\users\анатолийiвеликий\documents\visual studio 2013\projects\shopping the game\shopping the game\debug\link.7380-cvtres.read.1.tlog
c:\users\анатолийiвеликий\documents\visual studio 2013\projects\shopping the game\shopping the game\debug\link.7380-cvtres.write.1.tlog
c:\users\анатолийiвеликий\documents\visual studio 2013\projects\shopping the game\shopping the game\debug\link.7380-rc.read.1.tlog
c:\users\анатолийiвеликий\documents\visual studio 2013\projects\shopping the game\shopping the game\debug\link.7380-rc.write.1.tlog
c:\users\анатолийiвеликий\documents\visual studio 2013\projects\shopping the game\shopping the game\debug\link.7380.read.1.tlog
c:\users\анатолийiвеликий\documents\visual studio 2013\projects\shopping the game\shopping the game\debug\link.7380.write.1.tlog
c:\users\анатолийiвеликий\documents\visual studio 2013\projects\shopping the game\shopping the game\debug\link.73880-cvtres.read.1.tlog
c:\users\анатолийiвеликий\documents\visual studio 2013\projects\shopping the game\shopping the game\debug\link.73880-cvtres.write.1.tlog
c:\users\анатолийiвеликий\documents\visual studio 2013\projects\shopping the game\shopping the game\debug\link.73880-rc.read.1.tlog
c:\users\анатолийiвеликий\documents\visual studio 2013\projects\shopping the game\shopping the game\debug\link.73880-rc.write.1.tlog
c:\users\анатолийiвеликий\documents\visual studio 2013\projects\shopping the game\shopping the game\debug\link.73880.read.1.tlog
c:\users\анатолийiвеликий\documents\visual studio 2013\projects\shopping the game\shopping the game\debug\link.73880.write.1.tlog
c:\users\анатолийiвеликий\documents\visual studio 2013\projects\shopping the game\shopping the game\debug\link.command.1.tlog
c:\users\анатолийiвеликий\documents\visual studio 2013\projects\shopping the game\shopping the game\debug\link.read.1.tlog
c:\users\анатолийiвеликий\documents\visual studio 2013\projects\shopping the game\shopping the game\debug\link.write.1.tlog
c:\users\анатолийiвеликий\documents\visual studio 2013\projects\shopping the game\shopping the game\debug\vc110.idb
c:\users\анатолийiвеликий\documents\visual studio 2013\projects\shopping the game\shopping the game\debug\vc110.pdb
c:\users\анатолийiвеликий\documents\visual studio 2013\projects\shopping the game\shopping the game\debug\shopping.2babf4fb.tlog\cl.command.1.tlog
c:\users\анатолийiвеликий\documents\visual studio 2013\projects\shopping the game\shopping the game\debug\shopping.2babf4fb.tlog\cl.read.1.tlog
c:\users\анатолийiвеликий\documents\visual studio 2013\projects\shopping the game\shopping the game\debug\shopping.2babf4fb.tlog\cl.write.1.tlog
c:\users\анатолийiвеликий\documents\visual studio 2013\projects\shopping the game\shopping the game\debug\shopping.2babf4fb.tlog\link.command.1.tlog
c:\users\анатолийiвеликий\documents\visual studio 2013\projects\shopping the game\shopping the game\debug\shopping.2babf4fb.tlog\link.read.1.tlog
c:\users\анатолийiвеликий\documents\visual studio 2013\projects\shopping the game\shopping the game\debug\shopping.2babf4fb.tlog\link.write.1.tlog
