Сборка начата 16.04.2015 9:16:26.
     1>Проект "C:\Users\Denis\Desktop\Shopping The Game\Shopping The Game\Shopping The Game.vcxproj" в узле 2 (целевые объекты Build).
     1>ClCompile:
         D:\Microsoft Visual Studio 12.0\VC\bin\CL.exe /c /ZI /nologo /W3 /WX- /Od /Oy- /D WIN32 /D _DEBUG /D _CONSOLE /D _UNICODE /D UNICODE /Gm /EHsc /RTC1 /MDd /GS /fp:precise /Zc:wchar_t /Zc:forScope /Fo"Debug\\" /Fd"Debug\vc120.pdb" /Gd /TP /analyze- /errorReport:prompt Gameengine.cpp Mapcreator.cpp main.cpp shop.cpp
         shop.cpp
     1>c:\users\denis\desktop\shopping the game\shopping the game\shop.cpp(87): warning C4244: аргумент: преобразование "time_t" в "unsigned int", возможна потеря данных
         Создание кода...
         Пропуск... (изменения не обнаружены)
         Mapcreator.cpp
         main.cpp
         Gameengine.cpp
       Link:
         D:\Microsoft Visual Studio 12.0\VC\bin\link.exe /ERRORREPORT:PROMPT /OUT:"C:\Users\Denis\Desktop\Shopping The Game\Debug\Shopping The Game.exe" /INCREMENTAL /NOLOGO kernel32.lib user32.lib gdi32.lib winspool.lib comdlg32.lib advapi32.lib shell32.lib ole32.lib oleaut32.lib uuid.lib odbc32.lib odbccp32.lib /MANIFEST /MANIFESTUAC:"level='asInvoker' uiAccess='false'" /manifest:embed /DEBUG /PDB:"C:\Users\Denis\Desktop\Shopping The Game\Debug\Shopping The Game.pdb" /SUBSYSTEM:CONSOLE /TLBID:1 /DYNAMICBASE /NXCOMPAT /IMPLIB:"C:\Users\Denis\Desktop\Shopping The Game\Debug\Shopping The Game.lib" /MACHINE:X86 Debug\main.obj
         Debug\Mapcreator.obj
         Debug\shop.obj
         Debug\Gameengine.obj
         Shopping The Game.vcxproj -> C:\Users\Denis\Desktop\Shopping The Game\Debug\Shopping The Game.exe
     1>Сборка проекта "C:\Users\Denis\Desktop\Shopping The Game\Shopping The Game\Shopping The Game.vcxproj" завершена (целевые объекты Build).

Сборка успешно завершена.

Затраченное время: 00:00:01.61
